Looking for git in: git
Using git 2.7.4 from git
git rev-parse --show-toplevel
fatal: Not a git repository (or any of the parent directories): .git

git rev-parse --show-toplevel
git rev-parse --show-toplevel
git rev-parse --show-toplevel
fatal: Not a git repository (or any of the parent directories): .git

git rev-parse --show-toplevel
git config --get commit.template
git status -z -u
git rev-parse --show-toplevel
git config --get commit.template
git status -z -u
git rev-parse --show-toplevel
git config --get commit.template
git status -z -u
git rev-parse --show-toplevel
git config --get commit.template
git status -z -u
git rev-parse --show-toplevel
git check-ignore -z --stdin
git check-ignore -z --stdin
git check-ignore -z --stdin
git check-ignore -z --stdin
git config --get commit.template
git status -z -u
git rev-parse --show-toplevel
fatal: Not a git repository (or any of the parent directories): .git

git rev-parse --show-toplevel
git check-ignore -z --stdin
git check-ignore -z --stdin
git check-ignore -z --stdin
git check-ignore -z --stdin
git check-ignore -z --stdin
git config --get commit.template
git status -z -u
git rev-parse --show-toplevel
git config --get commit.template
git status -z -u
git rev-parse --show-toplevel
git check-ignore -z --stdin
git check-ignore -z --stdin
git check-ignore -z --stdin
git check-ignore -z --stdin
git check-ignore -z --stdin
git check-ignore -z --stdin
git check-ignore -z --stdin
git symbolic-ref --short HEAD
git rev-parse master
git rev-parse --symbolic-full-name --abbrev-ref master@{u}
git rev-list --left-right master...origin/master
git for-each-ref --format %(refname) %(objectname) --sort -committerdate
git remote --verbose
git config --get commit.template
git status -z -u
git rev-parse --show-toplevel
git config --get commit.template
git status -z -u
git rev-parse --show-toplevel
fatal: Not a git repository (or any of the parent directories): .git

git rev-parse --show-toplevel
fatal: Not a git repository (or any of the parent directories): .git

git rev-parse --show-toplevel
git symbolic-ref --short HEAD
git rev-parse master
git rev-parse --symbolic-full-name --abbrev-ref master@{u}
git rev-list --left-right master...origin/master
git for-each-ref --format %(refname) %(objectname) --sort -committerdate
git remote --verbose
git check-ignore -z --stdin
git check-ignore -z --stdin
git check-ignore -z --stdin
git check-ignore -z --stdin
git check-ignore -z --stdin
git check-ignore -z --stdin
git check-ignore -z --stdin
git check-ignore -z --stdin
git check-ignore -z --stdin
git config --get commit.template
git status -z -u
git rev-parse --show-toplevel
git check-ignore -z --stdin
git check-ignore -z --stdin
git check-ignore -z --stdin
git check-ignore -z --stdin
git check-ignore -z --stdin
git check-ignore -z --stdin
git check-ignore -z --stdin
git check-ignore -z --stdin
git check-ignore -z --stdin
git check-ignore -z --stdin
git config --get commit.template
git status -z -u
git rev-parse --show-toplevel
git config --get commit.template
git status -z -u
git rev-parse --show-toplevel
git symbolic-ref --short HEAD
git rev-parse modifyui
git rev-parse --symbolic-full-name --abbrev-ref modifyui@{u}
git check-ignore -z --stdin
git check-ignore -z --stdin
git check-ignore -z --stdin
git check-ignore -z --stdin
git check-ignore -z --stdin
git check-ignore -z --stdin
git check-ignore -z --stdin
git check-ignore -z --stdin
git check-ignore -z --stdin
git check-ignore -z --stdin
git check-ignore -z --stdin
git check-ignore -z --stdin
git rev-list --left-right modifyui...origin/modifyui
git status -z -u
git symbolic-ref --short HEAD
git rev-parse master
git rev-parse --symbolic-full-name --abbrev-ref master@{u}
git rev-list --left-right master...origin/master
git for-each-ref --format %(refname) %(objectname) --sort -committerdate
git remote --verbose
git for-each-ref --format %(refname) %(objectname) --sort -committerdate
git remote --verbose
git symbolic-ref --short HEAD
git rev-parse master
git rev-parse --symbolic-full-name --abbrev-ref master@{u}
git rev-list --left-right master...origin/master
git for-each-ref --format %(refname) %(objectname) --sort -committerdate
git remote --verbose
git symbolic-ref --short HEAD
git rev-parse master
git rev-parse --symbolic-full-name --abbrev-ref master@{u}
git rev-list --left-right master...origin/master
git for-each-ref --format %(refname) %(objectname) --sort -committerdate
git remote --verbose
git config --get commit.template
git status -z -u
git rev-parse --show-toplevel
git symbolic-ref --short HEAD
git rev-parse master
git rev-parse --symbolic-full-name --abbrev-ref master@{u}
git rev-list --left-right master...origin/master
git for-each-ref --format %(refname) %(objectname) --sort -committerdate
git remote --verbose
git check-ignore -z --stdin
git check-ignore -z --stdin
git check-ignore -z --stdin
git check-ignore -z --stdin
git check-ignore -z --stdin
git check-ignore -z --stdin
git check-ignore -z --stdin
git check-ignore -z --stdin
git check-ignore -z --stdin
git check-ignore -z --stdin
git check-ignore -z --stdin
git check-ignore -z --stdin
git check-ignore -z --stdin
git config --get commit.template
git status -z -u
git rev-parse --show-toplevel
git config --get commit.template
git status -z -u
git rev-parse --show-toplevel
git symbolic-ref --short HEAD
fatal: Not a git repository (or any of the parent directories): .git

git rev-parse --show-toplevel
git rev-parse --show-toplevel
git rev-parse master
git rev-parse --symbolic-full-name --abbrev-ref master@{u}
git rev-list --left-right master...origin/master
git for-each-ref --format %(refname) %(objectname) --sort -committerdate
git remote --verbose
git config --get commit.template
git status -z -u
git rev-parse --show-toplevel
git config --get commit.template
git status -z -u
git rev-parse --show-toplevel
git status -z -u
git status -z -u
git symbolic-ref --short HEAD
git symbolic-ref --short HEAD
git rev-parse master
git rev-parse master
git rev-parse --symbolic-full-name --abbrev-ref master@{u}
git rev-parse --symbolic-full-name --abbrev-ref master@{u}
git rev-list --left-right master...origin/master
git rev-list --left-right master...origin/master
git for-each-ref --format %(refname) %(objectname) --sort -committerdate
git remote --verbose
git for-each-ref --format %(refname) %(objectname) --sort -committerdate
git remote --verbose
git config --get commit.template
git status -z -u
git rev-parse --show-toplevel
fatal: Not a git repository (or any of the parent directories): .git

git rev-parse --show-toplevel
git symbolic-ref --short HEAD
git rev-parse master
git rev-parse --symbolic-full-name --abbrev-ref master@{u}
git rev-list --left-right master...origin/master
git for-each-ref --format %(refname) %(objectname) --sort -committerdate
git remote --verbose
git check-ignore -z --stdin
git check-ignore -z --stdin
git check-ignore -z --stdin
git check-ignore -z --stdin
git check-ignore -z --stdin
git check-ignore -z --stdin
git check-ignore -z --stdin
git check-ignore -z --stdin
git check-ignore -z --stdin
git check-ignore -z --stdin
git check-ignore -z --stdin
git check-ignore -z --stdin
git check-ignore -z --stdin
git check-ignore -z --stdin
git check-ignore -z --stdin
git check-ignore -z --stdin
git check-ignore -z --stdin
git check-ignore -z --stdin
git symbolic-ref --short HEAD
git rev-parse master
git rev-parse --symbolic-full-name --abbrev-ref master@{u}
git rev-list --left-right master...origin/master
git for-each-ref --format %(refname) %(objectname) --sort -committerdate
git remote --verbose
git config --get commit.template
git status -z -u
git rev-parse --show-toplevel
git symbolic-ref --short HEAD
git rev-parse privatecloud
git rev-parse --symbolic-full-name --abbrev-ref privatecloud@{u}
git rev-list --left-right privatecloud...origin/privatecloud
git for-each-ref --format %(refname) %(objectname) --sort -committerdate
git remote --verbose
git symbolic-ref --short HEAD
git rev-parse master
git rev-parse --symbolic-full-name --abbrev-ref master@{u}
git rev-list --left-right master...origin/master
git for-each-ref --format %(refname) %(objectname) --sort -committerdate
git remote --verbose
git symbolic-ref --short HEAD
git rev-parse master
git rev-parse --symbolic-full-name --abbrev-ref master@{u}
git check-ignore -z --stdin
git check-ignore -z --stdin
git check-ignore -z --stdin
git check-ignore -z --stdin
git check-ignore -z --stdin
git check-ignore -z --stdin
git check-ignore -z --stdin
git check-ignore -z --stdin
git check-ignore -z --stdin
git check-ignore -z --stdin
git check-ignore -z --stdin
git check-ignore -z --stdin
git check-ignore -z --stdin
git check-ignore -z --stdin
git check-ignore -z --stdin
git check-ignore -z --stdin
git check-ignore -z --stdin
git check-ignore -z --stdin
git check-ignore -z --stdin
git symbolic-ref --short HEAD
git rev-parse master
git rev-parse --symbolic-full-name --abbrev-ref master@{u}
git config --get commit.template
git status -z -u
git rev-parse --show-toplevel
fatal: Not a git repository (or any of the parent directories): .git

git rev-list --left-right master...origin/master
git for-each-ref --format %(refname) %(objectname) --sort -committerdate
git remote --verbose
git symbolic-ref --short HEAD
git rev-parse master
git rev-parse --symbolic-full-name --abbrev-ref master@{u}
git rev-list --left-right master...origin/master
git for-each-ref --format %(refname) %(objectname) --sort -committerdate
git remote --verbose
git rev-list --left-right master...origin/master
git symbolic-ref --short HEAD
git check-ignore -z --stdin
git check-ignore -z --stdin
git check-ignore -z --stdin
git check-ignore -z --stdin
git check-ignore -z --stdin
git check-ignore -z --stdin
git check-ignore -z --stdin
git check-ignore -z --stdin
git check-ignore -z --stdin
git check-ignore -z --stdin
git check-ignore -z --stdin
git check-ignore -z --stdin
git check-ignore -z --stdin
git check-ignore -z --stdin
git check-ignore -z --stdin
git check-ignore -z --stdin
git check-ignore -z --stdin
git check-ignore -z --stdin
git check-ignore -z --stdin
git check-ignore -z --stdin
git rev-parse master
git rev-parse --symbolic-full-name --abbrev-ref master@{u}
git rev-list --left-right master...origin/master
git for-each-ref --format %(refname) %(objectname) --sort -committerdate
git remote --verbose
git symbolic-ref --short HEAD
git rev-parse master
git rev-parse --symbolic-full-name --abbrev-ref master@{u}
git rev-list --left-right master...origin/master
git for-each-ref --format %(refname) %(objectname) --sort -committerdate
git remote --verbose
git for-each-ref --format %(refname) %(objectname) --sort -committerdate
git remote --verbose
git symbolic-ref --short HEAD
git rev-parse master
git rev-parse --symbolic-full-name --abbrev-ref master@{u}
git rev-list --left-right master...origin/master
git for-each-ref --format %(refname) %(objectname) --sort -committerdate
git remote --verbose
git symbolic-ref --short HEAD
git rev-parse master
git rev-parse --symbolic-full-name --abbrev-ref master@{u}
git rev-list --left-right master...origin/master
git for-each-ref --format %(refname) %(objectname) --sort -committerdate
git remote --verbose
git symbolic-ref --short HEAD
git rev-parse master
git rev-parse --symbolic-full-name --abbrev-ref master@{u}
git rev-list --left-right master...origin/master
git for-each-ref --format %(refname) %(objectname) --sort -committerdate
git remote --verbose
git symbolic-ref --short HEAD
git rev-parse master
git rev-parse --symbolic-full-name --abbrev-ref master@{u}
git rev-list --left-right master...origin/master
git for-each-ref --format %(refname) %(objectname) --sort -committerdate
git remote --verbose
git status -z -u
git status -z -u
git status -z -u
git status -z -u
git status -z -u
git status -z -u
git status -z -u
git symbolic-ref --short HEAD
git symbolic-ref --short HEAD
git symbolic-ref --short HEAD
git symbolic-ref --short HEAD
git symbolic-ref --short HEAD
git symbolic-ref --short HEAD
git symbolic-ref --short HEAD
git rev-parse master
git rev-parse master
git rev-parse master
git rev-parse master
git rev-parse privatecloud
git rev-parse master
git rev-parse --symbolic-full-name --abbrev-ref privatecloud@{u}
git rev-parse --symbolic-full-name --abbrev-ref master@{u}
git rev-parse --symbolic-full-name --abbrev-ref master@{u}
git rev-parse --symbolic-full-name --abbrev-ref master@{u}
git rev-parse --symbolic-full-name --abbrev-ref master@{u}
git rev-parse master
git rev-list --left-right master...origin/master
git rev-list --left-right master...origin/master
git rev-list --left-right master...origin/master
git rev-list --left-right master...origin/master
git rev-list --left-right privatecloud...origin/privatecloud
git rev-parse --symbolic-full-name --abbrev-ref master@{u}
git for-each-ref --format %(refname) %(objectname) --sort -committerdate
git remote --verbose
git for-each-ref --format %(refname) %(objectname) --sort -committerdate
git remote --verbose
git for-each-ref --format %(refname) %(objectname) --sort -committerdate
git remote --verbose
git for-each-ref --format %(refname) %(objectname) --sort -committerdate
git remote --verbose
git for-each-ref --format %(refname) %(objectname) --sort -committerdate
git remote --verbose
git rev-parse --symbolic-full-name --abbrev-ref master@{u}
git rev-list --left-right master...origin/master
git rev-list --left-right master...origin/master
git for-each-ref --format %(refname) %(objectname) --sort -committerdate
git remote --verbose
git for-each-ref --format %(refname) %(objectname) --sort -committerdate
git remote --verbose
